INFO main de.htwg.blackjack.view.tui - 
Possible commands: q-quit, n-new game, np-newplayer, h-hit, s-stand, - decreasebet, + increasebet, sb-setbet
INFO AWT-EventQueue-0 de.htwg.blackjack.view.tui - 
Neuer Spieler hinzugefügt
INFO AWT-EventQueue-0 de.htwg.blackjack.view.tui - 
Possible commands: q-quit, n-new game, np-newplayer, h-hit, s-stand, - decreasebet, + increasebet, sb-setbet
INFO AWT-EventQueue-0 de.htwg.blackjack.view.tui - 
Neuer Spieler hinzugefügt
INFO AWT-EventQueue-0 de.htwg.blackjack.view.tui - 
Possible commands: q-quit, n-new game, np-newplayer, h-hit, s-stand, - decreasebet, + increasebet, sb-setbet
INFO AWT-EventQueue-0 de.htwg.blackjack.view.tui - 
Neuer Spieler hinzugefügt
INFO AWT-EventQueue-0 de.htwg.blackjack.view.tui - 
Possible commands: q-quit, n-new game, np-newplayer, h-hit, s-stand, - decreasebet, + increasebet, sb-setbet
INFO AWT-EventQueue-0 de.htwg.blackjack.view.tui - 
Spieler kjhkj, bitte Wette abgeben. Budget: 1500 
Startwette beträgt 100
INFO AWT-EventQueue-0 de.htwg.blackjack.view.tui - 
Possible commands: q-quit, n-new game, np-newplayer, h-hit, s-stand, - decreasebet, + increasebet, sb-setbet
INFO AWT-EventQueue-0 de.htwg.blackjack.view.tui - 
Ihre Wette für diese Runde beträgt 100
INFO AWT-EventQueue-0 de.htwg.blackjack.view.tui - 
Possible commands: q-quit, n-new game, np-newplayer, h-hit, s-stand, - decreasebet, + increasebet, sb-setbet
INFO AWT-EventQueue-0 de.htwg.blackjack.view.tui - 
Spieler kjhkjh, bitte Wette abgeben. Budget: 1500 
Startwette beträgt 100
INFO AWT-EventQueue-0 de.htwg.blackjack.view.tui - 
Possible commands: q-quit, n-new game, np-newplayer, h-hit, s-stand, - decreasebet, + increasebet, sb-setbet
INFO AWT-EventQueue-0 de.htwg.blackjack.view.tui - 
Ihre Wette für diese Runde beträgt 100
INFO AWT-EventQueue-0 de.htwg.blackjack.view.tui - 
Possible commands: q-quit, n-new game, np-newplayer, h-hit, s-stand, - decreasebet, + increasebet, sb-setbet
INFO AWT-EventQueue-0 de.htwg.blackjack.view.tui - 
Spieler kjhkj, bitte Wette abgeben. Budget: 1500 
Startwette beträgt 100
INFO AWT-EventQueue-0 de.htwg.blackjack.view.tui - 
Possible commands: q-quit, n-new game, np-newplayer, h-hit, s-stand, - decreasebet, + increasebet, sb-setbet
INFO AWT-EventQueue-0 de.htwg.blackjack.view.tui - 
Ihre Wette für diese Runde beträgt 100
INFO AWT-EventQueue-0 de.htwg.blackjack.view.tui - 
Possible commands: q-quit, n-new game, np-newplayer, h-hit, s-stand, - decreasebet, + increasebet, sb-setbet
INFO AWT-EventQueue-0 de.htwg.blackjack.view.tui - 
Alle Wetten wurden abgegeben
INFO AWT-EventQueue-0 de.htwg.blackjack.view.tui - 
Possible commands: q-quit, n-new game, np-newplayer, h-hit, s-stand, - decreasebet, + increasebet, sb-setbet
INFO AWT-EventQueue-0 de.htwg.blackjack.view.tui - 
Spieler kjhkj, ist an der Reihe
INFO AWT-EventQueue-0 de.htwg.blackjack.view.tui - 
kjhkj Handkarten: KREUZDAME PIKSIEBEN Wert:17
Dealer Handkarten: KREUZASS
INFO AWT-EventQueue-0 de.htwg.blackjack.view.tui - 
Possible commands: q-quit, n-new game, np-newplayer, h-hit, s-stand, - decreasebet, + increasebet, sb-setbet
INFO AWT-EventQueue-0 de.htwg.blackjack.view.tui - 
kjhkj  HIT
INFO AWT-EventQueue-0 de.htwg.blackjack.view.tui - 
kjhkj Handkarten: KREUZDAME PIKSIEBEN KAROZWEI Wert:19
Dealer Handkarten: KREUZASS
INFO AWT-EventQueue-0 de.htwg.blackjack.view.tui - 
Possible commands: q-quit, n-new game, np-newplayer, h-hit, s-stand, - decreasebet, + increasebet, sb-setbet
INFO AWT-EventQueue-0 de.htwg.blackjack.view.tui - 
kjhkj  BUSTED!
INFO AWT-EventQueue-0 de.htwg.blackjack.view.tui - 
kjhkj Handkarten: KREUZDAME PIKSIEBEN KAROZWEI KAROSECHS Wert:25
Dealer Handkarten: KREUZASS
INFO AWT-EventQueue-0 de.htwg.blackjack.view.tui - 
Possible commands: q-quit, n-new game, np-newplayer, h-hit, s-stand, - decreasebet, + increasebet, sb-setbet
INFO AWT-EventQueue-0 de.htwg.blackjack.view.tui - 
Spieler kjhkjh, ist an der Reihe
INFO AWT-EventQueue-0 de.htwg.blackjack.view.tui - 
kjhkjh Handkarten: KARODAME HERZDAME Wert:20
Dealer Handkarten: KREUZASS
INFO AWT-EventQueue-0 de.htwg.blackjack.view.tui - 
Possible commands: q-quit, n-new game, np-newplayer, h-hit, s-stand, - decreasebet, + increasebet, sb-setbet
INFO AWT-EventQueue-0 de.htwg.blackjack.view.tui - 
kjhkjh  BUSTED!
INFO AWT-EventQueue-0 de.htwg.blackjack.view.tui - 
kjhkjh Handkarten: KARODAME HERZDAME KAROKOENIG Wert:30
Dealer Handkarten: KREUZASS
INFO AWT-EventQueue-0 de.htwg.blackjack.view.tui - 
Possible commands: q-quit, n-new game, np-newplayer, h-hit, s-stand, - decreasebet, + increasebet, sb-setbet
INFO AWT-EventQueue-0 de.htwg.blackjack.view.tui - 
Spieler kjhkj, ist an der Reihe
INFO AWT-EventQueue-0 de.htwg.blackjack.view.tui - 
kjhkj Handkarten: KAROASS KARODREI Wert:4
Dealer Handkarten: KREUZASS
INFO AWT-EventQueue-0 de.htwg.blackjack.view.tui - 
Possible commands: q-quit, n-new game, np-newplayer, h-hit, s-stand, - decreasebet, + increasebet, sb-setbet
INFO AWT-EventQueue-0 de.htwg.blackjack.view.tui - 
kjhkj  HIT
INFO AWT-EventQueue-0 de.htwg.blackjack.view.tui - 
kjhkj Handkarten: KAROASS KARODREI PIKZWEI Wert:6
Dealer Handkarten: KREUZASS
INFO AWT-EventQueue-0 de.htwg.blackjack.view.tui - 
Possible commands: q-quit, n-new game, np-newplayer, h-hit, s-stand, - decreasebet, + increasebet, sb-setbet
INFO AWT-EventQueue-0 de.htwg.blackjack.view.tui - 
kjhkj  HIT
INFO AWT-EventQueue-0 de.htwg.blackjack.view.tui - 
kjhkj Handkarten: KAROASS KARODREI PIKZWEI PIKACHT Wert:14
Dealer Handkarten: KREUZASS
INFO AWT-EventQueue-0 de.htwg.blackjack.view.tui - 
Possible commands: q-quit, n-new game, np-newplayer, h-hit, s-stand, - decreasebet, + increasebet, sb-setbet
INFO AWT-EventQueue-0 de.htwg.blackjack.view.tui - 
kjhkj  BUSTED!
INFO AWT-EventQueue-0 de.htwg.blackjack.view.tui - 
kjhkj Handkarten: KAROASS KARODREI PIKZWEI PIKACHT HERZBUBE Wert:24
Dealer Handkarten: KREUZASS
INFO AWT-EventQueue-0 de.htwg.blackjack.view.tui - 
Possible commands: q-quit, n-new game, np-newplayer, h-hit, s-stand, - decreasebet, + increasebet, sb-setbet
INFO AWT-EventQueue-0 de.htwg.blackjack.view.tui - 
Auswertung:
Dealer Handkarten: KREUZASS HERZFUENF PIKFUENF Wert:21

kjhkj Handkarten: KREUZDAME PIKSIEBEN KAROZWEI KAROSECHS Wert:25
kjhkj: Busted    neues Budget:1400
kjhkjh Handkarten: KARODAME HERZDAME KAROKOENIG Wert:30
kjhkjh: Busted    neues Budget:1400
kjhkj Handkarten: KAROASS KARODREI PIKZWEI PIKACHT HERZBUBE Wert:24
kjhkj: Busted    neues Budget:1400

INFO AWT-EventQueue-0 de.htwg.blackjack.view.tui - 
Possible commands: q-quit, n-new game, np-newplayer, h-hit, s-stand, - decreasebet, + increasebet, sb-setbet
INFO main de.htwg.blackjack.view.tui - 
New Blackjack Game created
INFO main de.htwg.blackjack.view.tui - 
Possible commands: q-quit, n-new game, np-newplayer, h-hit, s-stand, - decreasebet, + increasebet, sb-setbet
