INFO main de.htwg.blackjack.view.tui - 
Possible commands: q-quit, n-new game, np-newplayer, h-hit, s-stand, - decreasebet, + increasebet, sb-setbet
INFO main de.htwg.blackjack.view.tui - 
Neuer Spieler hinzugefügt
INFO main de.htwg.blackjack.view.tui - 
Possible commands: q-quit, n-new game, np-newplayer, h-hit, s-stand, - decreasebet, + increasebet, sb-setbet
INFO main de.htwg.blackjack.view.tui - 
Spieler Hans, bitte Wette abgeben. Budget: 1500 
Startwette beträgt 100
INFO main de.htwg.blackjack.view.tui - 
Possible commands: q-quit, n-new game, np-newplayer, h-hit, s-stand, - decreasebet, + increasebet, sb-setbet
INFO main de.htwg.blackjack.view.tui - 
Wette:  200
INFO main de.htwg.blackjack.view.tui - 
Possible commands: q-quit, n-new game, np-newplayer, h-hit, s-stand, - decreasebet, + increasebet, sb-setbet
INFO main de.htwg.blackjack.view.tui - 
Wette:  100
INFO main de.htwg.blackjack.view.tui - 
Possible commands: q-quit, n-new game, np-newplayer, h-hit, s-stand, - decreasebet, + increasebet, sb-setbet
INFO main de.htwg.blackjack.view.tui - 
Ihre Wette für diese Runde beträgt 100
INFO main de.htwg.blackjack.view.tui - 
Possible commands: q-quit, n-new game, np-newplayer, h-hit, s-stand, - decreasebet, + increasebet, sb-setbet
INFO main de.htwg.blackjack.view.tui - 
Alle Wetten wurden abgegeben
INFO main de.htwg.blackjack.view.tui - 
Possible commands: q-quit, n-new game, np-newplayer, h-hit, s-stand, - decreasebet, + increasebet, sb-setbet
INFO main de.htwg.blackjack.view.tui - 
Spieler Hans, ist an der Reihe
INFO main de.htwg.blackjack.view.tui - 
Hans Handkarten: PIKSECHS KAROKOENIG Wert:16
Dealer Handkarten: HERZSIEBEN
INFO main de.htwg.blackjack.view.tui - 
Possible commands: q-quit, n-new game, np-newplayer, h-hit, s-stand, - decreasebet, + increasebet, sb-setbet
INFO main de.htwg.blackjack.view.tui - Bitte Spielername angeben
INFO main de.htwg.blackjack.view.tui - 
Es müssen Spieler erstellt werden, bevor das Spiel gestartet werden kann
INFO main de.htwg.blackjack.view.tui - 
Possible commands: q-quit, n-new game, np-newplayer, h-hit, s-stand, - decreasebet, + increasebet, sb-setbet
INFO main de.htwg.blackjack.view.tui - 
Neuer Spieler hinzugefügt
INFO main de.htwg.blackjack.view.tui - 
Possible commands: q-quit, n-new game, np-newplayer, h-hit, s-stand, - decreasebet, + increasebet, sb-setbet
INFO main de.htwg.blackjack.view.tui - 
Spieler Hans, bitte Wette abgeben. Budget: 1500 
Startwette beträgt 100
INFO main de.htwg.blackjack.view.tui - 
Possible commands: q-quit, n-new game, np-newplayer, h-hit, s-stand, - decreasebet, + increasebet, sb-setbet
INFO main de.htwg.blackjack.view.tui - 
Wette:  200
INFO main de.htwg.blackjack.view.tui - 
Possible commands: q-quit, n-new game, np-newplayer, h-hit, s-stand, - decreasebet, + increasebet, sb-setbet
INFO main de.htwg.blackjack.view.tui - 
Wette:  100
INFO main de.htwg.blackjack.view.tui - 
Possible commands: q-quit, n-new game, np-newplayer, h-hit, s-stand, - decreasebet, + increasebet, sb-setbet
INFO main de.htwg.blackjack.view.tui - 
Ihre Wette für diese Runde beträgt 100
INFO main de.htwg.blackjack.view.tui - 
Possible commands: q-quit, n-new game, np-newplayer, h-hit, s-stand, - decreasebet, + increasebet, sb-setbet
INFO main de.htwg.blackjack.view.tui - 
Alle Wetten wurden abgegeben
INFO main de.htwg.blackjack.view.tui - 
Possible commands: q-quit, n-new game, np-newplayer, h-hit, s-stand, - decreasebet, + increasebet, sb-setbet
INFO main de.htwg.blackjack.view.tui - 
Spieler Hans, ist an der Reihe
INFO main de.htwg.blackjack.view.tui - 
Hans Handkarten: HERZZWEI KAROFUENF Wert:7
Dealer Handkarten: PIKBUBE
INFO main de.htwg.blackjack.view.tui - 
Possible commands: q-quit, n-new game, np-newplayer, h-hit, s-stand, - decreasebet, + increasebet, sb-setbet
INFO main de.htwg.blackjack.view.tui - Bitte Spielername angeben
INFO main de.htwg.blackjack.view.tui - 
Es müssen Spieler erstellt werden, bevor das Spiel gestartet werden kann
INFO main de.htwg.blackjack.view.tui - 
Possible commands: q-quit, n-new game, np-newplayer, h-hit, s-stand, - decreasebet, + increasebet, sb-setbet
INFO main de.htwg.blackjack.view.tui - 
Neuer Spieler hinzugefügt
INFO main de.htwg.blackjack.view.tui - 
Possible commands: q-quit, n-new game, np-newplayer, h-hit, s-stand, - decreasebet, + increasebet, sb-setbet
INFO main de.htwg.blackjack.view.tui - 
Spieler Hans, bitte Wette abgeben. Budget: 1500 
Startwette beträgt 100
INFO main de.htwg.blackjack.view.tui - 
Possible commands: q-quit, n-new game, np-newplayer, h-hit, s-stand, - decreasebet, + increasebet, sb-setbet
INFO main de.htwg.blackjack.view.tui - 
Wette:  200
INFO main de.htwg.blackjack.view.tui - 
Possible commands: q-quit, n-new game, np-newplayer, h-hit, s-stand, - decreasebet, + increasebet, sb-setbet
INFO main de.htwg.blackjack.view.tui - 
Wette:  100
INFO main de.htwg.blackjack.view.tui - 
Possible commands: q-quit, n-new game, np-newplayer, h-hit, s-stand, - decreasebet, + increasebet, sb-setbet
INFO main de.htwg.blackjack.view.tui - 
Ihre Wette für diese Runde beträgt 100
INFO main de.htwg.blackjack.view.tui - 
Possible commands: q-quit, n-new game, np-newplayer, h-hit, s-stand, - decreasebet, + increasebet, sb-setbet
INFO main de.htwg.blackjack.view.tui - 
Alle Wetten wurden abgegeben
INFO main de.htwg.blackjack.view.tui - 
Possible commands: q-quit, n-new game, np-newplayer, h-hit, s-stand, - decreasebet, + increasebet, sb-setbet
INFO main de.htwg.blackjack.view.tui - 
Spieler Hans, ist an der Reihe
INFO main de.htwg.blackjack.view.tui - 
Hans Handkarten: KAROZEHN HERZDREI Wert:13
Dealer Handkarten: PIKDAME
INFO main de.htwg.blackjack.view.tui - 
Possible commands: q-quit, n-new game, np-newplayer, h-hit, s-stand, - decreasebet, + increasebet, sb-setbet
INFO main de.htwg.blackjack.view.tui - Bitte Spielername angeben
INFO main de.htwg.blackjack.view.tui - 
Es müssen Spieler erstellt werden, bevor das Spiel gestartet werden kann
INFO main de.htwg.blackjack.view.tui - 
Possible commands: q-quit, n-new game, np-newplayer, h-hit, s-stand, - decreasebet, + increasebet, sb-setbet
INFO main de.htwg.blackjack.view.tui - 
Neuer Spieler hinzugefügt
INFO main de.htwg.blackjack.view.tui - 
Possible commands: q-quit, n-new game, np-newplayer, h-hit, s-stand, - decreasebet, + increasebet, sb-setbet
INFO main de.htwg.blackjack.view.tui - 
Spieler Hans, bitte Wette abgeben. Budget: 1500 
Startwette beträgt 100
INFO main de.htwg.blackjack.view.tui - 
Possible commands: q-quit, n-new game, np-newplayer, h-hit, s-stand, - decreasebet, + increasebet, sb-setbet
INFO main de.htwg.blackjack.view.tui - 
Wette:  200
INFO main de.htwg.blackjack.view.tui - 
Possible commands: q-quit, n-new game, np-newplayer, h-hit, s-stand, - decreasebet, + increasebet, sb-setbet
INFO main de.htwg.blackjack.view.tui - 
Wette:  100
INFO main de.htwg.blackjack.view.tui - 
Possible commands: q-quit, n-new game, np-newplayer, h-hit, s-stand, - decreasebet, + increasebet, sb-setbet
INFO main de.htwg.blackjack.view.tui - 
Ihre Wette für diese Runde beträgt 100
INFO main de.htwg.blackjack.view.tui - 
Possible commands: q-quit, n-new game, np-newplayer, h-hit, s-stand, - decreasebet, + increasebet, sb-setbet
INFO main de.htwg.blackjack.view.tui - 
Alle Wetten wurden abgegeben
INFO main de.htwg.blackjack.view.tui - 
Possible commands: q-quit, n-new game, np-newplayer, h-hit, s-stand, - decreasebet, + increasebet, sb-setbet
INFO main de.htwg.blackjack.view.tui - 
Spieler Hans, ist an der Reihe
INFO main de.htwg.blackjack.view.tui - 
Hans Handkarten: KARODREI HERZSECHS Wert:9
Dealer Handkarten: PIKASS
INFO main de.htwg.blackjack.view.tui - 
Possible commands: q-quit, n-new game, np-newplayer, h-hit, s-stand, - decreasebet, + increasebet, sb-setbet
INFO main de.htwg.blackjack.view.tui - Bitte Spielername angeben
INFO main de.htwg.blackjack.view.tui - 
Es müssen Spieler erstellt werden, bevor das Spiel gestartet werden kann
INFO main de.htwg.blackjack.view.tui - 
Possible commands: q-quit, n-new game, np-newplayer, h-hit, s-stand, - decreasebet, + increasebet, sb-setbet
INFO main de.htwg.blackjack.view.tui - 
Neuer Spieler hinzugefügt
INFO main de.htwg.blackjack.view.tui - 
Possible commands: q-quit, n-new game, np-newplayer, h-hit, s-stand, - decreasebet, + increasebet, sb-setbet
INFO main de.htwg.blackjack.view.tui - 
Spieler Hans, bitte Wette abgeben. Budget: 1500 
Startwette beträgt 100
INFO main de.htwg.blackjack.view.tui - 
Possible commands: q-quit, n-new game, np-newplayer, h-hit, s-stand, - decreasebet, + increasebet, sb-setbet
INFO main de.htwg.blackjack.view.tui - 
Wette:  200
INFO main de.htwg.blackjack.view.tui - 
Possible commands: q-quit, n-new game, np-newplayer, h-hit, s-stand, - decreasebet, + increasebet, sb-setbet
INFO main de.htwg.blackjack.view.tui - 
Wette:  100
INFO main de.htwg.blackjack.view.tui - 
Possible commands: q-quit, n-new game, np-newplayer, h-hit, s-stand, - decreasebet, + increasebet, sb-setbet
INFO main de.htwg.blackjack.view.tui - 
Ihre Wette für diese Runde beträgt 100
INFO main de.htwg.blackjack.view.tui - 
Possible commands: q-quit, n-new game, np-newplayer, h-hit, s-stand, - decreasebet, + increasebet, sb-setbet
INFO main de.htwg.blackjack.view.tui - 
Alle Wetten wurden abgegeben
INFO main de.htwg.blackjack.view.tui - 
Possible commands: q-quit, n-new game, np-newplayer, h-hit, s-stand, - decreasebet, + increasebet, sb-setbet
INFO main de.htwg.blackjack.view.tui - 
Spieler Hans, ist an der Reihe
INFO main de.htwg.blackjack.view.tui - 
Hans Handkarten: KREUZVIER KREUZFUENF Wert:9
Dealer Handkarten: KARODAME
INFO main de.htwg.blackjack.view.tui - 
Possible commands: q-quit, n-new game, np-newplayer, h-hit, s-stand, - decreasebet, + increasebet, sb-setbet
INFO main de.htwg.blackjack.view.tui - Bitte Spielername angeben
INFO main de.htwg.blackjack.view.tui - 
DURING_TURN  Spieler können nur zu Beginn einer neuen Runde erstellt werden
INFO main de.htwg.blackjack.view.tui - 
Hans Handkarten: KREUZVIER KREUZFUENF Wert:9
Dealer Handkarten: KARODAME
INFO main de.htwg.blackjack.view.tui - 
Possible commands: q-quit, n-new game, np-newplayer, h-hit, s-stand, - decreasebet, + increasebet, sb-setbet
INFO main de.htwg.blackjack.view.tui - 
Es müssen Spieler erstellt werden, bevor das Spiel gestartet werden kann
INFO main de.htwg.blackjack.view.tui - 
Possible commands: q-quit, n-new game, np-newplayer, h-hit, s-stand, - decreasebet, + increasebet, sb-setbet
INFO main de.htwg.blackjack.view.tui - 
Neuer Spieler hinzugefügt
INFO main de.htwg.blackjack.view.tui - 
Possible commands: q-quit, n-new game, np-newplayer, h-hit, s-stand, - decreasebet, + increasebet, sb-setbet
INFO main de.htwg.blackjack.view.tui - 
Spieler Hans, bitte Wette abgeben. Budget: 1500 
Startwette beträgt 100
INFO main de.htwg.blackjack.view.tui - 
Possible commands: q-quit, n-new game, np-newplayer, h-hit, s-stand, - decreasebet, + increasebet, sb-setbet
INFO main de.htwg.blackjack.view.tui - 
Es müssen Spieler erstellt werden, bevor das Spiel gestartet werden kann
INFO main de.htwg.blackjack.view.tui - 
Possible commands: q-quit, n-new game, np-newplayer, h-hit, s-stand, - decreasebet, + increasebet, sb-setbet
INFO main de.htwg.blackjack.view.tui - 
Neuer Spieler hinzugefügt
INFO main de.htwg.blackjack.view.tui - 
Possible commands: q-quit, n-new game, np-newplayer, h-hit, s-stand, - decreasebet, + increasebet, sb-setbet
INFO main de.htwg.blackjack.view.tui - 
Spieler Hans, bitte Wette abgeben. Budget: 1500 
Startwette beträgt 100
INFO main de.htwg.blackjack.view.tui - 
Possible commands: q-quit, n-new game, np-newplayer, h-hit, s-stand, - decreasebet, + increasebet, sb-setbet
INFO main de.htwg.blackjack.view.tui - 
Wette:  200
INFO main de.htwg.blackjack.view.tui - 
Possible commands: q-quit, n-new game, np-newplayer, h-hit, s-stand, - decreasebet, + increasebet, sb-setbet
INFO main de.htwg.blackjack.view.tui - 
Wette:  100
INFO main de.htwg.blackjack.view.tui - 
Possible commands: q-quit, n-new game, np-newplayer, h-hit, s-stand, - decreasebet, + increasebet, sb-setbet
INFO main de.htwg.blackjack.view.tui - 
Ihre Wette für diese Runde beträgt 100
INFO main de.htwg.blackjack.view.tui - 
Possible commands: q-quit, n-new game, np-newplayer, h-hit, s-stand, - decreasebet, + increasebet, sb-setbet
INFO main de.htwg.blackjack.view.tui - 
Alle Wetten wurden abgegeben
INFO main de.htwg.blackjack.view.tui - 
Possible commands: q-quit, n-new game, np-newplayer, h-hit, s-stand, - decreasebet, + increasebet, sb-setbet
INFO main de.htwg.blackjack.view.tui - 
Spieler Hans, ist an der Reihe
INFO main de.htwg.blackjack.view.tui - 
Hans Handkarten: KREUZSECHS PIKKOENIG Wert:16
Dealer Handkarten: PIKVIER
INFO main de.htwg.blackjack.view.tui - 
Possible commands: q-quit, n-new game, np-newplayer, h-hit, s-stand, - decreasebet, + increasebet, sb-setbet
INFO main de.htwg.blackjack.view.tui - Bitte Spielername angeben
INFO main de.htwg.blackjack.view.tui - 
Es müssen Spieler erstellt werden, bevor das Spiel gestartet werden kann
INFO main de.htwg.blackjack.view.tui - 
Possible commands: q-quit, n-new game, np-newplayer, h-hit, s-stand, - decreasebet, + increasebet, sb-setbet
INFO main de.htwg.blackjack.view.tui - 
Neuer Spieler hinzugefügt
INFO main de.htwg.blackjack.view.tui - 
Possible commands: q-quit, n-new game, np-newplayer, h-hit, s-stand, - decreasebet, + increasebet, sb-setbet
INFO main de.htwg.blackjack.view.tui - 
Spieler Hans, bitte Wette abgeben. Budget: 1500 
Startwette beträgt 100
INFO main de.htwg.blackjack.view.tui - 
Possible commands: q-quit, n-new game, np-newplayer, h-hit, s-stand, - decreasebet, + increasebet, sb-setbet
INFO main de.htwg.blackjack.view.tui - 
Wette:  200
INFO main de.htwg.blackjack.view.tui - 
Possible commands: q-quit, n-new game, np-newplayer, h-hit, s-stand, - decreasebet, + increasebet, sb-setbet
INFO main de.htwg.blackjack.view.tui - 
Wette:  100
INFO main de.htwg.blackjack.view.tui - 
Possible commands: q-quit, n-new game, np-newplayer, h-hit, s-stand, - decreasebet, + increasebet, sb-setbet
INFO main de.htwg.blackjack.view.tui - 
Ihre Wette für diese Runde beträgt 100
INFO main de.htwg.blackjack.view.tui - 
Possible commands: q-quit, n-new game, np-newplayer, h-hit, s-stand, - decreasebet, + increasebet, sb-setbet
INFO main de.htwg.blackjack.view.tui - 
Alle Wetten wurden abgegeben
INFO main de.htwg.blackjack.view.tui - 
Possible commands: q-quit, n-new game, np-newplayer, h-hit, s-stand, - decreasebet, + increasebet, sb-setbet
INFO main de.htwg.blackjack.view.tui - 
Spieler Hans, ist an der Reihe
INFO main de.htwg.blackjack.view.tui - 
Hans Handkarten: KAROBUBE KARODAME Wert:20
Dealer Handkarten: PIKDAME
INFO main de.htwg.blackjack.view.tui - 
Possible commands: q-quit, n-new game, np-newplayer, h-hit, s-stand, - decreasebet, + increasebet, sb-setbet
INFO main de.htwg.blackjack.view.tui - Bitte Spielername angeben
INFO main de.htwg.blackjack.view.tui - 
DURING_TURN  Spieler können nur zu Beginn einer neuen Runde erstellt werden
INFO main de.htwg.blackjack.view.tui - 
Hans Handkarten: KAROBUBE KARODAME Wert:20
Dealer Handkarten: PIKDAME
INFO main de.htwg.blackjack.view.tui - 
Possible commands: q-quit, n-new game, np-newplayer, h-hit, s-stand, - decreasebet, + increasebet, sb-setbet
INFO main de.htwg.blackjack.view.tui - 
Es müssen Spieler erstellt werden, bevor das Spiel gestartet werden kann
INFO main de.htwg.blackjack.view.tui - 
Possible commands: q-quit, n-new game, np-newplayer, h-hit, s-stand, - decreasebet, + increasebet, sb-setbet
INFO main de.htwg.blackjack.view.tui - 
Neuer Spieler hinzugefügt
INFO main de.htwg.blackjack.view.tui - 
Possible commands: q-quit, n-new game, np-newplayer, h-hit, s-stand, - decreasebet, + increasebet, sb-setbet
INFO main de.htwg.blackjack.view.tui - 
Spieler Hans, bitte Wette abgeben. Budget: 1500 
Startwette beträgt 100
INFO main de.htwg.blackjack.view.tui - 
Possible commands: q-quit, n-new game, np-newplayer, h-hit, s-stand, - decreasebet, + increasebet, sb-setbet
INFO main de.htwg.blackjack.view.tui - 
Es müssen Spieler erstellt werden, bevor das Spiel gestartet werden kann
INFO main de.htwg.blackjack.view.tui - 
Possible commands: q-quit, n-new game, np-newplayer, h-hit, s-stand, - decreasebet, + increasebet, sb-setbet
INFO main de.htwg.blackjack.view.tui - 
Neuer Spieler hinzugefügt
INFO main de.htwg.blackjack.view.tui - 
Possible commands: q-quit, n-new game, np-newplayer, h-hit, s-stand, - decreasebet, + increasebet, sb-setbet
INFO main de.htwg.blackjack.view.tui - 
Spieler Hans, bitte Wette abgeben. Budget: 1500 
Startwette beträgt 100
INFO main de.htwg.blackjack.view.tui - 
Possible commands: q-quit, n-new game, np-newplayer, h-hit, s-stand, - decreasebet, + increasebet, sb-setbet
INFO main de.htwg.blackjack.view.tui - 
Wette:  200
INFO main de.htwg.blackjack.view.tui - 
Possible commands: q-quit, n-new game, np-newplayer, h-hit, s-stand, - decreasebet, + increasebet, sb-setbet
INFO main de.htwg.blackjack.view.tui - 
Wette:  100
INFO main de.htwg.blackjack.view.tui - 
Possible commands: q-quit, n-new game, np-newplayer, h-hit, s-stand, - decreasebet, + increasebet, sb-setbet
INFO main de.htwg.blackjack.view.tui - 
Ihre Wette für diese Runde beträgt 100
INFO main de.htwg.blackjack.view.tui - 
Possible commands: q-quit, n-new game, np-newplayer, h-hit, s-stand, - decreasebet, + increasebet, sb-setbet
INFO main de.htwg.blackjack.view.tui - 
Alle Wetten wurden abgegeben
INFO main de.htwg.blackjack.view.tui - 
Possible commands: q-quit, n-new game, np-newplayer, h-hit, s-stand, - decreasebet, + increasebet, sb-setbet
INFO main de.htwg.blackjack.view.tui - 
Spieler Hans, ist an der Reihe
INFO main de.htwg.blackjack.view.tui - 
Hans Handkarten: PIKASS HERZDAME Wert:11
Dealer Handkarten: PIKNEUN
INFO main de.htwg.blackjack.view.tui - 
Possible commands: q-quit, n-new game, np-newplayer, h-hit, s-stand, - decreasebet, + increasebet, sb-setbet
INFO main de.htwg.blackjack.view.tui - Bitte Spielername angeben
INFO main de.htwg.blackjack.view.tui - 
DURING_TURN  Spieler können nur zu Beginn einer neuen Runde erstellt werden
INFO main de.htwg.blackjack.view.tui - 
Hans Handkarten: PIKASS HERZDAME Wert:11
Dealer Handkarten: PIKNEUN
INFO main de.htwg.blackjack.view.tui - 
Possible commands: q-quit, n-new game, np-newplayer, h-hit, s-stand, - decreasebet, + increasebet, sb-setbet
INFO main de.htwg.blackjack.view.tui - 
Es müssen Spieler erstellt werden, bevor das Spiel gestartet werden kann
INFO main de.htwg.blackjack.view.tui - 
Possible commands: q-quit, n-new game, np-newplayer, h-hit, s-stand, - decreasebet, + increasebet, sb-setbet
INFO main de.htwg.blackjack.view.tui - 
Neuer Spieler hinzugefügt
INFO main de.htwg.blackjack.view.tui - 
Possible commands: q-quit, n-new game, np-newplayer, h-hit, s-stand, - decreasebet, + increasebet, sb-setbet
INFO main de.htwg.blackjack.view.tui - 
Spieler Hans, bitte Wette abgeben. Budget: 1500 
Startwette beträgt 100
INFO main de.htwg.blackjack.view.tui - 
Possible commands: q-quit, n-new game, np-newplayer, h-hit, s-stand, - decreasebet, + increasebet, sb-setbet
INFO main de.htwg.blackjack.view.tui - 
Es müssen Spieler erstellt werden, bevor das Spiel gestartet werden kann
INFO main de.htwg.blackjack.view.tui - 
Possible commands: q-quit, n-new game, np-newplayer, h-hit, s-stand, - decreasebet, + increasebet, sb-setbet
INFO main de.htwg.blackjack.view.tui - 
Neuer Spieler hinzugefügt
INFO main de.htwg.blackjack.view.tui - 
Possible commands: q-quit, n-new game, np-newplayer, h-hit, s-stand, - decreasebet, + increasebet, sb-setbet
INFO main de.htwg.blackjack.view.tui - 
Spieler Hans, bitte Wette abgeben. Budget: 1500 
Startwette beträgt 100
INFO main de.htwg.blackjack.view.tui - 
Possible commands: q-quit, n-new game, np-newplayer, h-hit, s-stand, - decreasebet, + increasebet, sb-setbet
INFO main de.htwg.blackjack.view.tui - 
Wette:  200
INFO main de.htwg.blackjack.view.tui - 
Possible commands: q-quit, n-new game, np-newplayer, h-hit, s-stand, - decreasebet, + increasebet, sb-setbet
INFO main de.htwg.blackjack.view.tui - 
Wette:  100
INFO main de.htwg.blackjack.view.tui - 
Possible commands: q-quit, n-new game, np-newplayer, h-hit, s-stand, - decreasebet, + increasebet, sb-setbet
INFO main de.htwg.blackjack.view.tui - 
Ihre Wette für diese Runde beträgt 100
INFO main de.htwg.blackjack.view.tui - 
Possible commands: q-quit, n-new game, np-newplayer, h-hit, s-stand, - decreasebet, + increasebet, sb-setbet
INFO main de.htwg.blackjack.view.tui - 
Alle Wetten wurden abgegeben
INFO main de.htwg.blackjack.view.tui - 
Possible commands: q-quit, n-new game, np-newplayer, h-hit, s-stand, - decreasebet, + increasebet, sb-setbet
INFO main de.htwg.blackjack.view.tui - 
Spieler Hans, ist an der Reihe
INFO main de.htwg.blackjack.view.tui - 
Hans Handkarten: PIKBUBE KARODAME Wert:20
Dealer Handkarten: HERZZWEI
INFO main de.htwg.blackjack.view.tui - 
Possible commands: q-quit, n-new game, np-newplayer, h-hit, s-stand, - decreasebet, + increasebet, sb-setbet
INFO main de.htwg.blackjack.view.tui - Bitte Spielername angeben
INFO main de.htwg.blackjack.view.tui - 
Es müssen Spieler erstellt werden, bevor das Spiel gestartet werden kann
INFO main de.htwg.blackjack.view.tui - 
Possible commands: q-quit, n-new game, np-newplayer, h-hit, s-stand, - decreasebet, + increasebet, sb-setbet
INFO main de.htwg.blackjack.view.tui - 
Neuer Spieler hinzugefügt
INFO main de.htwg.blackjack.view.tui - 
Possible commands: q-quit, n-new game, np-newplayer, h-hit, s-stand, - decreasebet, + increasebet, sb-setbet
INFO main de.htwg.blackjack.view.tui - 
Spieler Hans, bitte Wette abgeben. Budget: 1500 
Startwette beträgt 100
INFO main de.htwg.blackjack.view.tui - 
Possible commands: q-quit, n-new game, np-newplayer, h-hit, s-stand, - decreasebet, + increasebet, sb-setbet
INFO main de.htwg.blackjack.view.tui - 
Wette:  200
INFO main de.htwg.blackjack.view.tui - 
Possible commands: q-quit, n-new game, np-newplayer, h-hit, s-stand, - decreasebet, + increasebet, sb-setbet
INFO main de.htwg.blackjack.view.tui - 
Wette:  100
INFO main de.htwg.blackjack.view.tui - 
Possible commands: q-quit, n-new game, np-newplayer, h-hit, s-stand, - decreasebet, + increasebet, sb-setbet
INFO main de.htwg.blackjack.view.tui - 
Ihre Wette für diese Runde beträgt 100
INFO main de.htwg.blackjack.view.tui - 
Possible commands: q-quit, n-new game, np-newplayer, h-hit, s-stand, - decreasebet, + increasebet, sb-setbet
INFO main de.htwg.blackjack.view.tui - 
Alle Wetten wurden abgegeben
INFO main de.htwg.blackjack.view.tui - 
Possible commands: q-quit, n-new game, np-newplayer, h-hit, s-stand, - decreasebet, + increasebet, sb-setbet
INFO main de.htwg.blackjack.view.tui - 
Spieler Hans, ist an der Reihe
INFO main de.htwg.blackjack.view.tui - 
Hans Handkarten: KAROSIEBEN KAROFUENF Wert:12
Dealer Handkarten: KARONEUN
INFO main de.htwg.blackjack.view.tui - 
Possible commands: q-quit, n-new game, np-newplayer, h-hit, s-stand, - decreasebet, + increasebet, sb-setbet
INFO main de.htwg.blackjack.view.tui - Bitte Spielername angeben
INFO main de.htwg.blackjack.view.tui - 
DURING_TURN  Spieler können nur zu Beginn einer neuen Runde erstellt werden
INFO main de.htwg.blackjack.view.tui - 
Hans Handkarten: KAROSIEBEN KAROFUENF Wert:12
Dealer Handkarten: KARONEUN
INFO main de.htwg.blackjack.view.tui - 
Possible commands: q-quit, n-new game, np-newplayer, h-hit, s-stand, - decreasebet, + increasebet, sb-setbet
INFO main de.htwg.blackjack.view.tui - 
Es müssen Spieler erstellt werden, bevor das Spiel gestartet werden kann
INFO main de.htwg.blackjack.view.tui - 
Possible commands: q-quit, n-new game, np-newplayer, h-hit, s-stand, - decreasebet, + increasebet, sb-setbet
INFO main de.htwg.blackjack.view.tui - 
Neuer Spieler hinzugefügt
INFO main de.htwg.blackjack.view.tui - 
Possible commands: q-quit, n-new game, np-newplayer, h-hit, s-stand, - decreasebet, + increasebet, sb-setbet
INFO main de.htwg.blackjack.view.tui - 
Spieler Hans, bitte Wette abgeben. Budget: 1500 
Startwette beträgt 100
INFO main de.htwg.blackjack.view.tui - 
Possible commands: q-quit, n-new game, np-newplayer, h-hit, s-stand, - decreasebet, + increasebet, sb-setbet
INFO main de.htwg.blackjack.view.tui - 
Es müssen Spieler erstellt werden, bevor das Spiel gestartet werden kann
INFO main de.htwg.blackjack.view.tui - 
Possible commands: q-quit, n-new game, np-newplayer, h-hit, s-stand, - decreasebet, + increasebet, sb-setbet
INFO main de.htwg.blackjack.view.tui - 
Neuer Spieler hinzugefügt
INFO main de.htwg.blackjack.view.tui - 
Possible commands: q-quit, n-new game, np-newplayer, h-hit, s-stand, - decreasebet, + increasebet, sb-setbet
INFO main de.htwg.blackjack.view.tui - 
Spieler Hans, bitte Wette abgeben. Budget: 1500 
Startwette beträgt 100
INFO main de.htwg.blackjack.view.tui - 
Possible commands: q-quit, n-new game, np-newplayer, h-hit, s-stand, - decreasebet, + increasebet, sb-setbet
INFO main de.htwg.blackjack.view.tui - 
Wette:  200
INFO main de.htwg.blackjack.view.tui - 
Possible commands: q-quit, n-new game, np-newplayer, h-hit, s-stand, - decreasebet, + increasebet, sb-setbet
INFO main de.htwg.blackjack.view.tui - 
Es müssen Spieler erstellt werden, bevor das Spiel gestartet werden kann
INFO main de.htwg.blackjack.view.tui - 
Possible commands: q-quit, n-new game, np-newplayer, h-hit, s-stand, - decreasebet, + increasebet, sb-setbet
INFO main de.htwg.blackjack.view.tui - 
Neuer Spieler hinzugefügt
INFO main de.htwg.blackjack.view.tui - 
Possible commands: q-quit, n-new game, np-newplayer, h-hit, s-stand, - decreasebet, + increasebet, sb-setbet
INFO main de.htwg.blackjack.view.tui - 
Spieler Hans, bitte Wette abgeben. Budget: 1500 
Startwette beträgt 100
INFO main de.htwg.blackjack.view.tui - 
Possible commands: q-quit, n-new game, np-newplayer, h-hit, s-stand, - decreasebet, + increasebet, sb-setbet
INFO main de.htwg.blackjack.view.tui - 
Es müssen Spieler erstellt werden, bevor das Spiel gestartet werden kann
INFO main de.htwg.blackjack.view.tui - 
Possible commands: q-quit, n-new game, np-newplayer, h-hit, s-stand, - decreasebet, + increasebet, sb-setbet
INFO main de.htwg.blackjack.view.tui - 
Neuer Spieler hinzugefügt
INFO main de.htwg.blackjack.view.tui - 
Possible commands: q-quit, n-new game, np-newplayer, h-hit, s-stand, - decreasebet, + increasebet, sb-setbet
INFO main de.htwg.blackjack.view.tui - 
Spieler Hans, bitte Wette abgeben. Budget: 1500 
Startwette beträgt 100
INFO main de.htwg.blackjack.view.tui - 
Possible commands: q-quit, n-new game, np-newplayer, h-hit, s-stand, - decreasebet, + increasebet, sb-setbet
INFO main de.htwg.blackjack.view.tui - 
Wette:  200
INFO main de.htwg.blackjack.view.tui - 
Possible commands: q-quit, n-new game, np-newplayer, h-hit, s-stand, - decreasebet, + increasebet, sb-setbet
INFO main de.htwg.blackjack.view.tui - 
Wette:  100
INFO main de.htwg.blackjack.view.tui - 
Possible commands: q-quit, n-new game, np-newplayer, h-hit, s-stand, - decreasebet, + increasebet, sb-setbet
INFO main de.htwg.blackjack.view.tui - 
Es müssen Spieler erstellt werden, bevor das Spiel gestartet werden kann
INFO main de.htwg.blackjack.view.tui - 
Possible commands: q-quit, n-new game, np-newplayer, h-hit, s-stand, - decreasebet, + increasebet, sb-setbet
INFO main de.htwg.blackjack.view.tui - 
Neuer Spieler hinzugefügt
INFO main de.htwg.blackjack.view.tui - 
Possible commands: q-quit, n-new game, np-newplayer, h-hit, s-stand, - decreasebet, + increasebet, sb-setbet
INFO main de.htwg.blackjack.view.tui - 
Spieler Hans, bitte Wette abgeben. Budget: 1500 
Startwette beträgt 100
INFO main de.htwg.blackjack.view.tui - 
Possible commands: q-quit, n-new game, np-newplayer, h-hit, s-stand, - decreasebet, + increasebet, sb-setbet
INFO main de.htwg.blackjack.view.tui - 
Es müssen Spieler erstellt werden, bevor das Spiel gestartet werden kann
INFO main de.htwg.blackjack.view.tui - 
Possible commands: q-quit, n-new game, np-newplayer, h-hit, s-stand, - decreasebet, + increasebet, sb-setbet
INFO main de.htwg.blackjack.view.tui - 
Neuer Spieler hinzugefügt
INFO main de.htwg.blackjack.view.tui - 
Possible commands: q-quit, n-new game, np-newplayer, h-hit, s-stand, - decreasebet, + increasebet, sb-setbet
INFO main de.htwg.blackjack.view.tui - 
Spieler Hans, bitte Wette abgeben. Budget: 1500 
Startwette beträgt 100
INFO main de.htwg.blackjack.view.tui - 
Possible commands: q-quit, n-new game, np-newplayer, h-hit, s-stand, - decreasebet, + increasebet, sb-setbet
INFO main de.htwg.blackjack.view.tui - 
Wette:  200
INFO main de.htwg.blackjack.view.tui - 
Possible commands: q-quit, n-new game, np-newplayer, h-hit, s-stand, - decreasebet, + increasebet, sb-setbet
INFO main de.htwg.blackjack.view.tui - 
Wette:  100
INFO main de.htwg.blackjack.view.tui - 
Possible commands: q-quit, n-new game, np-newplayer, h-hit, s-stand, - decreasebet, + increasebet, sb-setbet
INFO main de.htwg.blackjack.view.tui - 
Ihre Wette für diese Runde beträgt 100
INFO main de.htwg.blackjack.view.tui - 
Possible commands: q-quit, n-new game, np-newplayer, h-hit, s-stand, - decreasebet, + increasebet, sb-setbet
INFO main de.htwg.blackjack.view.tui - 
Alle Wetten wurden abgegeben
INFO main de.htwg.blackjack.view.tui - 
Possible commands: q-quit, n-new game, np-newplayer, h-hit, s-stand, - decreasebet, + increasebet, sb-setbet
INFO main de.htwg.blackjack.view.tui - 
Spieler Hans, ist an der Reihe
INFO main de.htwg.blackjack.view.tui - 
Hans Handkarten: HERZNEUN KREUZKOENIG Wert:19
Dealer Handkarten: KAROSIEBEN
INFO main de.htwg.blackjack.view.tui - 
Possible commands: q-quit, n-new game, np-newplayer, h-hit, s-stand, - decreasebet, + increasebet, sb-setbet
INFO main de.htwg.blackjack.view.tui - Bitte Spielername angeben
INFO main de.htwg.blackjack.view.tui - 
DURING_TURN  Spieler können nur zu Beginn einer neuen Runde erstellt werden
INFO main de.htwg.blackjack.view.tui - 
Hans Handkarten: HERZNEUN KREUZKOENIG Wert:19
Dealer Handkarten: KAROSIEBEN
INFO main de.htwg.blackjack.view.tui - 
Possible commands: q-quit, n-new game, np-newplayer, h-hit, s-stand, - decreasebet, + increasebet, sb-setbet
INFO main de.htwg.blackjack.view.tui - 
Es müssen Spieler erstellt werden, bevor das Spiel gestartet werden kann
INFO main de.htwg.blackjack.view.tui - 
Possible commands: q-quit, n-new game, np-newplayer, h-hit, s-stand, - decreasebet, + increasebet, sb-setbet
INFO main de.htwg.blackjack.view.tui - 
Neuer Spieler hinzugefügt
INFO main de.htwg.blackjack.view.tui - 
Possible commands: q-quit, n-new game, np-newplayer, h-hit, s-stand, - decreasebet, + increasebet, sb-setbet
INFO main de.htwg.blackjack.view.tui - 
Spieler Hans, bitte Wette abgeben. Budget: 1500 
Startwette beträgt 100
INFO main de.htwg.blackjack.view.tui - 
Possible commands: q-quit, n-new game, np-newplayer, h-hit, s-stand, - decreasebet, + increasebet, sb-setbet
INFO main de.htwg.blackjack.view.tui - 
Es müssen Spieler erstellt werden, bevor das Spiel gestartet werden kann
INFO main de.htwg.blackjack.view.tui - 
Possible commands: q-quit, n-new game, np-newplayer, h-hit, s-stand, - decreasebet, + increasebet, sb-setbet
INFO main de.htwg.blackjack.view.tui - 
Neuer Spieler hinzugefügt
INFO main de.htwg.blackjack.view.tui - 
Possible commands: q-quit, n-new game, np-newplayer, h-hit, s-stand, - decreasebet, + increasebet, sb-setbet
INFO main de.htwg.blackjack.view.tui - 
Spieler Hans, bitte Wette abgeben. Budget: 1500 
Startwette beträgt 100
INFO main de.htwg.blackjack.view.tui - 
Possible commands: q-quit, n-new game, np-newplayer, h-hit, s-stand, - decreasebet, + increasebet, sb-setbet
INFO main de.htwg.blackjack.view.tui - 
Wette:  200
INFO main de.htwg.blackjack.view.tui - 
Possible commands: q-quit, n-new game, np-newplayer, h-hit, s-stand, - decreasebet, + increasebet, sb-setbet
INFO main de.htwg.blackjack.view.tui - 
Wette:  100
INFO main de.htwg.blackjack.view.tui - 
Possible commands: q-quit, n-new game, np-newplayer, h-hit, s-stand, - decreasebet, + increasebet, sb-setbet
INFO main de.htwg.blackjack.view.tui - 
Ihre Wette für diese Runde beträgt 100
INFO main de.htwg.blackjack.view.tui - 
Possible commands: q-quit, n-new game, np-newplayer, h-hit, s-stand, - decreasebet, + increasebet, sb-setbet
INFO main de.htwg.blackjack.view.tui - 
Alle Wetten wurden abgegeben
INFO main de.htwg.blackjack.view.tui - 
Possible commands: q-quit, n-new game, np-newplayer, h-hit, s-stand, - decreasebet, + increasebet, sb-setbet
INFO main de.htwg.blackjack.view.tui - 
Spieler Hans, ist an der Reihe
INFO main de.htwg.blackjack.view.tui - 
Hans Handkarten: KARODREI HERZNEUN Wert:12
Dealer Handkarten: HERZDAME
INFO main de.htwg.blackjack.view.tui - 
Possible commands: q-quit, n-new game, np-newplayer, h-hit, s-stand, - decreasebet, + increasebet, sb-setbet
INFO main de.htwg.blackjack.view.tui - 
Es müssen Spieler erstellt werden, bevor das Spiel gestartet werden kann
INFO main de.htwg.blackjack.view.tui - 
Possible commands: q-quit, n-new game, np-newplayer, h-hit, s-stand, - decreasebet, + increasebet, sb-setbet
INFO main de.htwg.blackjack.view.tui - 
Neuer Spieler hinzugefügt
INFO main de.htwg.blackjack.view.tui - 
Possible commands: q-quit, n-new game, np-newplayer, h-hit, s-stand, - decreasebet, + increasebet, sb-setbet
INFO main de.htwg.blackjack.view.tui - 
Spieler Hans, bitte Wette abgeben. Budget: 1500 
Startwette beträgt 100
INFO main de.htwg.blackjack.view.tui - 
Possible commands: q-quit, n-new game, np-newplayer, h-hit, s-stand, - decreasebet, + increasebet, sb-setbet
INFO main de.htwg.blackjack.view.tui - 
Es müssen Spieler erstellt werden, bevor das Spiel gestartet werden kann
INFO main de.htwg.blackjack.view.tui - 
Possible commands: q-quit, n-new game, np-newplayer, h-hit, s-stand, - decreasebet, + increasebet, sb-setbet
INFO main de.htwg.blackjack.view.tui - 
Neuer Spieler hinzugefügt
INFO main de.htwg.blackjack.view.tui - 
Possible commands: q-quit, n-new game, np-newplayer, h-hit, s-stand, - decreasebet, + increasebet, sb-setbet
INFO main de.htwg.blackjack.view.tui - 
Spieler Hans, bitte Wette abgeben. Budget: 1500 
Startwette beträgt 100
INFO main de.htwg.blackjack.view.tui - 
Possible commands: q-quit, n-new game, np-newplayer, h-hit, s-stand, - decreasebet, + increasebet, sb-setbet
INFO main de.htwg.blackjack.view.tui - 
Wette:  200
INFO main de.htwg.blackjack.view.tui - 
Possible commands: q-quit, n-new game, np-newplayer, h-hit, s-stand, - decreasebet, + increasebet, sb-setbet
INFO main de.htwg.blackjack.view.tui - 
Wette:  100
INFO main de.htwg.blackjack.view.tui - 
Possible commands: q-quit, n-new game, np-newplayer, h-hit, s-stand, - decreasebet, + increasebet, sb-setbet
INFO main de.htwg.blackjack.view.tui - 
Ihre Wette für diese Runde beträgt 100
INFO main de.htwg.blackjack.view.tui - 
Possible commands: q-quit, n-new game, np-newplayer, h-hit, s-stand, - decreasebet, + increasebet, sb-setbet
INFO main de.htwg.blackjack.view.tui - 
Alle Wetten wurden abgegeben
INFO main de.htwg.blackjack.view.tui - 
Possible commands: q-quit, n-new game, np-newplayer, h-hit, s-stand, - decreasebet, + increasebet, sb-setbet
INFO main de.htwg.blackjack.view.tui - 
Spieler Hans, ist an der Reihe
INFO main de.htwg.blackjack.view.tui - 
Hans Handkarten: PIKKOENIG KAROBUBE Wert:20
Dealer Handkarten: HERZVIER
INFO main de.htwg.blackjack.view.tui - 
Possible commands: q-quit, n-new game, np-newplayer, h-hit, s-stand, - decreasebet, + increasebet, sb-setbet
INFO main de.htwg.blackjack.view.tui - 
Es müssen Spieler erstellt werden, bevor das Spiel gestartet werden kann
INFO main de.htwg.blackjack.view.tui - 
Possible commands: q-quit, n-new game, np-newplayer, h-hit, s-stand, - decreasebet, + increasebet, sb-setbet
INFO main de.htwg.blackjack.view.tui - 
Neuer Spieler hinzugefügt
INFO main de.htwg.blackjack.view.tui - 
Possible commands: q-quit, n-new game, np-newplayer, h-hit, s-stand, - decreasebet, + increasebet, sb-setbet
INFO main de.htwg.blackjack.view.tui - 
Spieler Hans, bitte Wette abgeben. Budget: 1500 
Startwette beträgt 100
INFO main de.htwg.blackjack.view.tui - 
Possible commands: q-quit, n-new game, np-newplayer, h-hit, s-stand, - decreasebet, + increasebet, sb-setbet
INFO main de.htwg.blackjack.view.tui - 
Es müssen Spieler erstellt werden, bevor das Spiel gestartet werden kann
INFO main de.htwg.blackjack.view.tui - 
Possible commands: q-quit, n-new game, np-newplayer, h-hit, s-stand, - decreasebet, + increasebet, sb-setbet
INFO main de.htwg.blackjack.view.tui - 
Neuer Spieler hinzugefügt
INFO main de.htwg.blackjack.view.tui - 
Possible commands: q-quit, n-new game, np-newplayer, h-hit, s-stand, - decreasebet, + increasebet, sb-setbet
INFO main de.htwg.blackjack.view.tui - 
Spieler Hans, bitte Wette abgeben. Budget: 1500 
Startwette beträgt 100
INFO main de.htwg.blackjack.view.tui - 
Possible commands: q-quit, n-new game, np-newplayer, h-hit, s-stand, - decreasebet, + increasebet, sb-setbet
INFO main de.htwg.blackjack.view.tui - 
Wette:  200
INFO main de.htwg.blackjack.view.tui - 
Possible commands: q-quit, n-new game, np-newplayer, h-hit, s-stand, - decreasebet, + increasebet, sb-setbet
INFO main de.htwg.blackjack.view.tui - 
Wette:  100
INFO main de.htwg.blackjack.view.tui - 
Possible commands: q-quit, n-new game, np-newplayer, h-hit, s-stand, - decreasebet, + increasebet, sb-setbet
INFO main de.htwg.blackjack.view.tui - 
Ihre Wette für diese Runde beträgt 100
INFO main de.htwg.blackjack.view.tui - 
Possible commands: q-quit, n-new game, np-newplayer, h-hit, s-stand, - decreasebet, + increasebet, sb-setbet
INFO main de.htwg.blackjack.view.tui - 
Alle Wetten wurden abgegeben
INFO main de.htwg.blackjack.view.tui - 
Possible commands: q-quit, n-new game, np-newplayer, h-hit, s-stand, - decreasebet, + increasebet, sb-setbet
INFO main de.htwg.blackjack.view.tui - 
Spieler Hans, ist an der Reihe
INFO main de.htwg.blackjack.view.tui - 
Hans Handkarten: KREUZDAME HERZNEUN Wert:19
Dealer Handkarten: PIKDAME
INFO main de.htwg.blackjack.view.tui - 
Possible commands: q-quit, n-new game, np-newplayer, h-hit, s-stand, - decreasebet, + increasebet, sb-setbet
INFO main de.htwg.blackjack.view.tui - Bitte Spielername angeben
INFO main de.htwg.blackjack.view.tui - 
Spieler können nur zu Beginn einer neuen Runde erstellt werden
INFO main de.htwg.blackjack.view.tui - 
Hans Handkarten: KREUZDAME HERZNEUN Wert:19
Dealer Handkarten: PIKDAME
INFO main de.htwg.blackjack.view.tui - 
Possible commands: q-quit, n-new game, np-newplayer, h-hit, s-stand, - decreasebet, + increasebet, sb-setbet
INFO main de.htwg.blackjack.view.tui - 
Es müssen Spieler erstellt werden, bevor das Spiel gestartet werden kann
INFO main de.htwg.blackjack.view.tui - 
Possible commands: q-quit, n-new game, np-newplayer, h-hit, s-stand, - decreasebet, + increasebet, sb-setbet
INFO main de.htwg.blackjack.view.tui - 
Neuer Spieler hinzugefügt
INFO main de.htwg.blackjack.view.tui - 
Possible commands: q-quit, n-new game, np-newplayer, h-hit, s-stand, - decreasebet, + increasebet, sb-setbet
INFO main de.htwg.blackjack.view.tui - 
Spieler Hans, bitte Wette abgeben. Budget: 1500 
Startwette beträgt 100
INFO main de.htwg.blackjack.view.tui - 
Possible commands: q-quit, n-new game, np-newplayer, h-hit, s-stand, - decreasebet, + increasebet, sb-setbet
INFO main de.htwg.blackjack.view.tui - 
Es müssen Spieler erstellt werden, bevor das Spiel gestartet werden kann
INFO main de.htwg.blackjack.view.tui - 
Possible commands: q-quit, n-new game, np-newplayer, h-hit, s-stand, - decreasebet, + increasebet, sb-setbet
INFO main de.htwg.blackjack.view.tui - 
Neuer Spieler hinzugefügt
INFO main de.htwg.blackjack.view.tui - 
Possible commands: q-quit, n-new game, np-newplayer, h-hit, s-stand, - decreasebet, + increasebet, sb-setbet
INFO main de.htwg.blackjack.view.tui - 
Spieler Hans, bitte Wette abgeben. Budget: 1500 
Startwette beträgt 100
INFO main de.htwg.blackjack.view.tui - 
Possible commands: q-quit, n-new game, np-newplayer, h-hit, s-stand, - decreasebet, + increasebet, sb-setbet
INFO main de.htwg.blackjack.view.tui - 
Wette:  200
INFO main de.htwg.blackjack.view.tui - 
Possible commands: q-quit, n-new game, np-newplayer, h-hit, s-stand, - decreasebet, + increasebet, sb-setbet
INFO main de.htwg.blackjack.view.tui - 
Wette:  100
INFO main de.htwg.blackjack.view.tui - 
Possible commands: q-quit, n-new game, np-newplayer, h-hit, s-stand, - decreasebet, + increasebet, sb-setbet
INFO main de.htwg.blackjack.view.tui - 
Ihre Wette für diese Runde beträgt 100
INFO main de.htwg.blackjack.view.tui - 
Possible commands: q-quit, n-new game, np-newplayer, h-hit, s-stand, - decreasebet, + increasebet, sb-setbet
INFO main de.htwg.blackjack.view.tui - 
Alle Wetten wurden abgegeben
INFO main de.htwg.blackjack.view.tui - 
Possible commands: q-quit, n-new game, np-newplayer, h-hit, s-stand, - decreasebet, + increasebet, sb-setbet
INFO main de.htwg.blackjack.view.tui - 
Spieler Hans, ist an der Reihe
INFO main de.htwg.blackjack.view.tui - 
Hans Handkarten: PIKSIEBEN KREUZDREI Wert:10
Dealer Handkarten: KAROASS
INFO main de.htwg.blackjack.view.tui - 
Possible commands: q-quit, n-new game, np-newplayer, h-hit, s-stand, - decreasebet, + increasebet, sb-setbet
INFO main de.htwg.blackjack.view.tui - Bitte Spielername angeben
INFO main de.htwg.blackjack.view.tui - 
Spieler können nur zu Beginn einer neuen Runde erstellt werden
INFO main de.htwg.blackjack.view.tui - 
Hans Handkarten: PIKSIEBEN KREUZDREI Wert:10
Dealer Handkarten: KAROASS
INFO main de.htwg.blackjack.view.tui - 
Possible commands: q-quit, n-new game, np-newplayer, h-hit, s-stand, - decreasebet, + increasebet, sb-setbet
INFO main de.htwg.blackjack.view.tui - 
Hans  HIT
INFO main de.htwg.blackjack.view.tui - 
Hans Handkarten: PIKSIEBEN KREUZDREI HERZVIER Wert:14
Dealer Handkarten: KAROASS
INFO main de.htwg.blackjack.view.tui - 
Possible commands: q-quit, n-new game, np-newplayer, h-hit, s-stand, - decreasebet, + increasebet, sb-setbet
INFO main de.htwg.blackjack.view.tui - 
Hans  STAND
INFO main de.htwg.blackjack.view.tui - 
Hans Handkarten: PIKSIEBEN KREUZDREI HERZVIER Wert:14
Dealer Handkarten: KAROASS
INFO main de.htwg.blackjack.view.tui - 
Possible commands: q-quit, n-new game, np-newplayer, h-hit, s-stand, - decreasebet, + increasebet, sb-setbet
INFO main de.htwg.blackjack.view.tui - 
Auswertung:
Dealer Handkarten: KAROASS HERZACHT Wert:19

Hans Handkarten: PIKSIEBEN KREUZDREI HERZVIER Wert:14
Hans: Verloren    neues Budget:1400

INFO main de.htwg.blackjack.view.tui - 
Possible commands: q-quit, n-new game, np-newplayer, h-hit, s-stand, - decreasebet, + increasebet, sb-setbet
INFO main de.htwg.blackjack.view.tui - 
Es müssen Spieler erstellt werden, bevor das Spiel gestartet werden kann
INFO main de.htwg.blackjack.view.tui - 
Possible commands: q-quit, n-new game, np-newplayer, h-hit, s-stand, - decreasebet, + increasebet, sb-setbet
INFO main de.htwg.blackjack.view.tui - 
Neuer Spieler hinzugefügt
INFO main de.htwg.blackjack.view.tui - 
Possible commands: q-quit, n-new game, np-newplayer, h-hit, s-stand, - decreasebet, + increasebet, sb-setbet
INFO main de.htwg.blackjack.view.tui - 
Spieler Hans, bitte Wette abgeben. Budget: 1500 
Startwette beträgt 100
INFO main de.htwg.blackjack.view.tui - 
Possible commands: q-quit, n-new game, np-newplayer, h-hit, s-stand, - decreasebet, + increasebet, sb-setbet
INFO main de.htwg.blackjack.view.tui - 
Es müssen Spieler erstellt werden, bevor das Spiel gestartet werden kann
INFO main de.htwg.blackjack.view.tui - 
Possible commands: q-quit, n-new game, np-newplayer, h-hit, s-stand, - decreasebet, + increasebet, sb-setbet
INFO main de.htwg.blackjack.view.tui - 
Neuer Spieler hinzugefügt
INFO main de.htwg.blackjack.view.tui - 
Possible commands: q-quit, n-new game, np-newplayer, h-hit, s-stand, - decreasebet, + increasebet, sb-setbet
INFO main de.htwg.blackjack.view.tui - 
Spieler Hans, bitte Wette abgeben. Budget: 1500 
Startwette beträgt 100
INFO main de.htwg.blackjack.view.tui - 
Possible commands: q-quit, n-new game, np-newplayer, h-hit, s-stand, - decreasebet, + increasebet, sb-setbet
INFO main de.htwg.blackjack.view.tui - 
Wette:  200
INFO main de.htwg.blackjack.view.tui - 
Possible commands: q-quit, n-new game, np-newplayer, h-hit, s-stand, - decreasebet, + increasebet, sb-setbet
INFO main de.htwg.blackjack.view.tui - 
Wette:  100
INFO main de.htwg.blackjack.view.tui - 
Possible commands: q-quit, n-new game, np-newplayer, h-hit, s-stand, - decreasebet, + increasebet, sb-setbet
INFO main de.htwg.blackjack.view.tui - 
Ihre Wette für diese Runde beträgt 100
INFO main de.htwg.blackjack.view.tui - 
Possible commands: q-quit, n-new game, np-newplayer, h-hit, s-stand, - decreasebet, + increasebet, sb-setbet
INFO main de.htwg.blackjack.view.tui - 
Alle Wetten wurden abgegeben
INFO main de.htwg.blackjack.view.tui - 
Possible commands: q-quit, n-new game, np-newplayer, h-hit, s-stand, - decreasebet, + increasebet, sb-setbet
INFO main de.htwg.blackjack.view.tui - 
Spieler Hans, ist an der Reihe
INFO main de.htwg.blackjack.view.tui - 
Hans Handkarten: KAROACHT KAROZEHN Wert:18
Dealer Handkarten: KREUZZWEI
INFO main de.htwg.blackjack.view.tui - 
Possible commands: q-quit, n-new game, np-newplayer, h-hit, s-stand, - decreasebet, + increasebet, sb-setbet
INFO main de.htwg.blackjack.view.tui - Bitte Spielername angeben
INFO main de.htwg.blackjack.view.tui - 
Spieler können nur zu Beginn einer neuen Runde erstellt werden
INFO main de.htwg.blackjack.view.tui - 
Hans Handkarten: KAROACHT KAROZEHN Wert:18
Dealer Handkarten: KREUZZWEI
INFO main de.htwg.blackjack.view.tui - 
Possible commands: q-quit, n-new game, np-newplayer, h-hit, s-stand, - decreasebet, + increasebet, sb-setbet
INFO main de.htwg.blackjack.view.tui - 
Hans  HIT
INFO main de.htwg.blackjack.view.tui - 
Hans Handkarten: KAROACHT KAROZEHN KREUZASS Wert:19
Dealer Handkarten: KREUZZWEI
INFO main de.htwg.blackjack.view.tui - 
Possible commands: q-quit, n-new game, np-newplayer, h-hit, s-stand, - decreasebet, + increasebet, sb-setbet
INFO main de.htwg.blackjack.view.tui - 
Hans  STAND
INFO main de.htwg.blackjack.view.tui - 
Hans Handkarten: KAROACHT KAROZEHN KREUZASS Wert:19
Dealer Handkarten: KREUZZWEI
INFO main de.htwg.blackjack.view.tui - 
Possible commands: q-quit, n-new game, np-newplayer, h-hit, s-stand, - decreasebet, + increasebet, sb-setbet
INFO main de.htwg.blackjack.view.tui - 
Auswertung:
Dealer Handkarten: KREUZZWEI KREUZSECHS KREUZDAME Wert:18

Hans Handkarten: KAROACHT KAROZEHN KREUZASS Wert:19
Hans: Gewonnen    neues Budget:1600

INFO main de.htwg.blackjack.view.tui - 
Possible commands: q-quit, n-new game, np-newplayer, h-hit, s-stand, - decreasebet, + increasebet, sb-setbet
INFO main de.htwg.blackjack.view.tui - 
Es müssen Spieler erstellt werden, bevor das Spiel gestartet werden kann
INFO main de.htwg.blackjack.view.tui - 
Possible commands: q-quit, n-new game, np-newplayer, h-hit, s-stand, - decreasebet, + increasebet, sb-setbet
INFO main de.htwg.blackjack.view.tui - 
Neuer Spieler hinzugefügt
INFO main de.htwg.blackjack.view.tui - 
Possible commands: q-quit, n-new game, np-newplayer, h-hit, s-stand, - decreasebet, + increasebet, sb-setbet
INFO main de.htwg.blackjack.view.tui - 
Spieler Hans, bitte Wette abgeben. Budget: 1500 
Startwette beträgt 100
INFO main de.htwg.blackjack.view.tui - 
Possible commands: q-quit, n-new game, np-newplayer, h-hit, s-stand, - decreasebet, + increasebet, sb-setbet
INFO main de.htwg.blackjack.view.tui - 
Es müssen Spieler erstellt werden, bevor das Spiel gestartet werden kann
INFO main de.htwg.blackjack.view.tui - 
Possible commands: q-quit, n-new game, np-newplayer, h-hit, s-stand, - decreasebet, + increasebet, sb-setbet
INFO main de.htwg.blackjack.view.tui - 
Neuer Spieler hinzugefügt
INFO main de.htwg.blackjack.view.tui - 
Possible commands: q-quit, n-new game, np-newplayer, h-hit, s-stand, - decreasebet, + increasebet, sb-setbet
INFO main de.htwg.blackjack.view.tui - 
Spieler Hans, bitte Wette abgeben. Budget: 1500 
Startwette beträgt 100
INFO main de.htwg.blackjack.view.tui - 
Possible commands: q-quit, n-new game, np-newplayer, h-hit, s-stand, - decreasebet, + increasebet, sb-setbet
INFO main de.htwg.blackjack.view.tui - 
Wette:  200
INFO main de.htwg.blackjack.view.tui - 
Possible commands: q-quit, n-new game, np-newplayer, h-hit, s-stand, - decreasebet, + increasebet, sb-setbet
INFO main de.htwg.blackjack.view.tui - 
Wette:  100
INFO main de.htwg.blackjack.view.tui - 
Possible commands: q-quit, n-new game, np-newplayer, h-hit, s-stand, - decreasebet, + increasebet, sb-setbet
INFO main de.htwg.blackjack.view.tui - 
Ihre Wette für diese Runde beträgt 100
INFO main de.htwg.blackjack.view.tui - 
Possible commands: q-quit, n-new game, np-newplayer, h-hit, s-stand, - decreasebet, + increasebet, sb-setbet
INFO main de.htwg.blackjack.view.tui - 
Alle Wetten wurden abgegeben
INFO main de.htwg.blackjack.view.tui - 
Possible commands: q-quit, n-new game, np-newplayer, h-hit, s-stand, - decreasebet, + increasebet, sb-setbet
INFO main de.htwg.blackjack.view.tui - 
Spieler Hans, ist an der Reihe
INFO main de.htwg.blackjack.view.tui - 
Hans Handkarten: KREUZDAME HERZVIER Wert:14
Dealer Handkarten: KREUZKOENIG
INFO main de.htwg.blackjack.view.tui - 
Possible commands: q-quit, n-new game, np-newplayer, h-hit, s-stand, - decreasebet, + increasebet, sb-setbet
INFO main de.htwg.blackjack.view.tui - Bitte Spielername angeben
INFO main de.htwg.blackjack.view.tui - 
Spieler können nur zu Beginn einer neuen Runde erstellt werden
INFO main de.htwg.blackjack.view.tui - 
Hans Handkarten: KREUZDAME HERZVIER Wert:14
Dealer Handkarten: KREUZKOENIG
INFO main de.htwg.blackjack.view.tui - 
Possible commands: q-quit, n-new game, np-newplayer, h-hit, s-stand, - decreasebet, + increasebet, sb-setbet
INFO main de.htwg.blackjack.view.tui - 
Hans  HIT
INFO main de.htwg.blackjack.view.tui - 
Hans Handkarten: KREUZDAME HERZVIER HERZFUENF Wert:19
Dealer Handkarten: KREUZKOENIG
INFO main de.htwg.blackjack.view.tui - 
Possible commands: q-quit, n-new game, np-newplayer, h-hit, s-stand, - decreasebet, + increasebet, sb-setbet
INFO main de.htwg.blackjack.view.tui - 
Hans  STAND
INFO main de.htwg.blackjack.view.tui - 
Hans Handkarten: KREUZDAME HERZVIER HERZFUENF Wert:19
Dealer Handkarten: KREUZKOENIG
INFO main de.htwg.blackjack.view.tui - 
Possible commands: q-quit, n-new game, np-newplayer, h-hit, s-stand, - decreasebet, + increasebet, sb-setbet
INFO main de.htwg.blackjack.view.tui - 
Auswertung:
Dealer Handkarten: KREUZKOENIG KARODAME Wert:20

Hans Handkarten: KREUZDAME HERZVIER HERZFUENF Wert:19
Hans: Verloren    neues Budget:1400

INFO main de.htwg.blackjack.view.tui - 
Possible commands: q-quit, n-new game, np-newplayer, h-hit, s-stand, - decreasebet, + increasebet, sb-setbet
INFO main de.htwg.blackjack.view.tui - 
Es müssen Spieler erstellt werden, bevor das Spiel gestartet werden kann
INFO main de.htwg.blackjack.view.tui - 
Possible commands: q-quit, n-new game, np-newplayer, h-hit, s-stand, - decreasebet, + increasebet, sb-setbet
INFO main de.htwg.blackjack.view.tui - 
Neuer Spieler hinzugefügt
INFO main de.htwg.blackjack.view.tui - 
Possible commands: q-quit, n-new game, np-newplayer, h-hit, s-stand, - decreasebet, + increasebet, sb-setbet
INFO main de.htwg.blackjack.view.tui - 
Spieler Hans, bitte Wette abgeben. Budget: 1500 
Startwette beträgt 100
INFO main de.htwg.blackjack.view.tui - 
Possible commands: q-quit, n-new game, np-newplayer, h-hit, s-stand, - decreasebet, + increasebet, sb-setbet
